<?xml version="1.0" encoding="UTF-8"?>
<!-- Generated by org.testng.reporters.JUnitReportReporter -->
<testsuite skipped="0" hostname="saidinesh-mbp" name="in.amazon.Productselection" tests="2" failures="0" timestamp="22 Jul 2020 16:07:21 GMT" time="1.541" errors="0">
  <testcase name="Searchresults" time="0.045" classname="in.amazon.Productselection"/>
  <testcase name="Randprdselection" time="1.496" classname="in.amazon.Productselection"/>
</testsuite> <!-- in.amazon.Productselection -->
