<?xml version="1.0" encoding="UTF-8"?>
<!-- Generated by org.testng.reporters.JUnitReportReporter -->
<testsuite skipped="0" hostname="saidinesh-mbp" name="in.amazon.Geturl" tests="1" failures="0" timestamp="22 Jul 2020 16:10:07 GMT" time="5.882" errors="0">
  <testcase name="Url" time="5.882" classname="in.amazon.Geturl"/>
</testsuite> <!-- in.amazon.Geturl -->
