<?xml version="1.0" encoding="UTF-8"?>
<!-- Generated by org.testng.reporters.JUnitReportReporter -->
<testsuite skipped="0" hostname="saidinesh-mbp" name="in.amazon.Titlevalidation" tests="4" failures="0" timestamp="21 Jul 2020 16:05:22 GMT" time="4.093" errors="0">
  <testcase name="verifyTitle" time="0.017" classname="in.amazon.Titlevalidation"/>
  <testcase name="verifyTitle" time="0.032" classname="in.amazon.Titlevalidation"/>
  <testcase name="Searchprd" time="3.998" classname="in.amazon.Titlevalidation"/>
  <testcase name="Searchresults" time="0.046" classname="in.amazon.Titlevalidation"/>
</testsuite> <!-- in.amazon.Titlevalidation -->
