<?xml version="1.0" encoding="UTF-8"?>
<!-- Generated by org.testng.reporters.JUnitReportReporter -->
<testsuite skipped="0" hostname="saidinesh-mbp" name="in.amazon.Productselection" tests="2" failures="0" timestamp="22 Jul 2020 09:15:07 GMT" time="0.389" errors="0">
  <testcase name="Searchresults" time="0.037" classname="in.amazon.Productselection"/>
  <testcase name="Randprdselection" time="0.352" classname="in.amazon.Productselection"/>
</testsuite> <!-- in.amazon.Productselection -->
