<?xml version="1.0" encoding="UTF-8"?>
<!-- Generated by org.testng.reporters.JUnitReportReporter -->
<testsuite skipped="0" hostname="saidinesh-mbp" name="in.amazon.Titlevalidation" tests="2" failures="0" timestamp="22 Jul 2020 16:07:21 GMT" time="4.102" errors="0">
  <testcase name="verifyTitle" time="0.027" classname="in.amazon.Titlevalidation"/>
  <testcase name="Searchprd" time="4.075" classname="in.amazon.Titlevalidation"/>
</testsuite> <!-- in.amazon.Titlevalidation -->
