<?xml version="1.0" encoding="UTF-8"?>
<!-- Generated by org.testng.reporters.JUnitReportReporter -->
<testsuite skipped="0" hostname="saidinesh-mbp" name="in.amazon.Productselection" tests="2" failures="0" timestamp="22 Jul 2020 16:10:07 GMT" time="1.708" errors="0">
  <testcase name="Searchresults" time="1.107" classname="in.amazon.Productselection"/>
  <testcase name="Randprdselection" time="0.601" classname="in.amazon.Productselection"/>
</testsuite> <!-- in.amazon.Productselection -->
